Unity Editor version:    2021.1.21f1 (f2d5d3c59f8c)
Branch:                  2021.1/staging
Build type:              Release
Batch mode:              YES
macOS version:           Version 12.0.1 (Build 21A559)
Darwin version:          21.1.0
Architecture:            x86_64
Running under Rosetta:   YES
Available memory:        16384 MB
Using pre-set license
Pro License: NO
Pro License: NO

COMMAND LINE ARGUMENTS:
/Applications/Unity/Hub/Editor/2021.1.21f1/Unity.app/Contents/MacOS/Unity
-adb2
-batchMode
-noUpm
-name
AssetImportWorker0
-projectPath
/Users/arinjay/Desktop/GSND 5112/Side Scroller
-logFile
Logs/AssetImportWorker0.log
-srvPort
51116
Successfully changed project path to: /Users/arinjay/Desktop/GSND 5112/Side Scroller
/Users/arinjay/Desktop/GSND 5112/Side Scroller
Using Asset Import Pipeline V2.
Refreshing native plugins compatible for Editor in 128.83 ms, found 3 plugins.
Preloading 0 native plugins for Editor in 0.00 ms.
Initialize engine version: 2021.1.21f1 (f2d5d3c59f8c)
[Subsystems] Discovering subsystems at path /Applications/Unity/Hub/Editor/2021.1.21f1/Unity.app/Contents/Resources/UnitySubsystems
[Subsystems] Discovering subsystems at path /Users/arinjay/Desktop/GSND 5112/Side Scroller/Assets
GfxDevice: creating device client; threaded=0; jobified=0
2021-12-08 14:10:24.541 Unity[4542:378284] (null) preferred device: Apple M1 Pro (high power)
2021-12-08 14:10:24.541 Unity[4542:378284] Metal devices available: 1
2021-12-08 14:10:24.541 Unity[4542:378284] 0: Apple M1 Pro (high power)
2021-12-08 14:10:24.541 Unity[4542:378284] Using device Apple M1 Pro (high power)
Initializing Metal device caps: Apple M1 Pro
Initialize mono
Mono path[0] = '/Applications/Unity/Hub/Editor/2021.1.21f1/Unity.app/Contents/Managed'
Mono path[1] = '/Applications/Unity/Hub/Editor/2021.1.21f1/Unity.app/Contents/MonoBleedingEdge/lib/mono/unityjit'
Mono config path = '/Applications/Unity/Hub/Editor/2021.1.21f1/Unity.app/Contents/MonoBleedingEdge/etc'
Using monoOptions --debugger-agent=transport=dt_socket,embedding=1,server=y,suspend=n,address=127.0.0.1:56542
Begin MonoManager ReloadAssembly
Registering precompiled unity dll's ...
Register platform support module: /Applications/Unity/Hub/Editor/2021.1.21f1/Unity.app/Contents/PlaybackEngines/MacStandaloneSupport/UnityEditor.OSXStandalone.Extensions.dll
Register platform support module: /Applications/Unity/Hub/Editor/2021.1.21f1/PlaybackEngines/WindowsStandaloneSupport/UnityEditor.WindowsStandalone.Extensions.dll
Registered in 0.002487 seconds.
Native extension for WindowsStandalone target not found
Native extension for OSXStandalone target not found
Refreshing native plugins compatible for Editor in 136.87 ms, found 3 plugins.
Preloading 0 native plugins for Editor in 0.00 ms.
Mono: successfully reloaded assembly
- Completed reload, in  2.698 seconds
Domain Reload Profiling:
	ReloadAssembly (2698ms)
		BeginReloadAssembly (132ms)
			ExecutionOrderSort (0ms)
			DisableScriptedObjects (0ms)
			BackupInstance (0ms)
			ReleaseScriptingObjects (0ms)
			CreateAndSetChildDomain (5ms)
		EndReloadAssembly (1101ms)
			LoadAssemblies (129ms)
			RebuildTransferFunctionScriptingTraits (0ms)
			SetupTypeCache (214ms)
			ReleaseScriptCaches (0ms)
			RebuildScriptCaches (45ms)
			SetupLoadedEditorAssemblies (688ms)
				LogAssemblyErrors (0ms)
				InitializePlatformSupportModulesInManaged (22ms)
				SetLoadedEditorAssemblies (1ms)
				RefreshPlugins (137ms)
				BeforeProcessingInitializeOnLoad (5ms)
				ProcessInitializeOnLoadAttributes (383ms)
				ProcessInitializeOnLoadMethodAttributes (138ms)
				AfterProcessingInitializeOnLoad (0ms)
				EditorAssembliesLoaded (1ms)
			ExecutionOrderSort2 (0ms)
			AwakeInstancesAfterBackupRestoration (0ms)
Platform modules already initialized, skipping
Registering precompiled user dll's ...
Registered in 0.006903 seconds.
Begin MonoManager ReloadAssembly
Symbol file LoadedFromMemory doesn't match image /Users/arinjay/Desktop/GSND 5112/Side Scroller/Library/PackageCache/com.unity.visualscripting@1.6.1/Editor/VisualScripting.Core/Dependencies/YamlDotNet/Unity.VisualScripting.YamlDotNet.dll
Symbol file LoadedFromMemory doesn't match image /Users/arinjay/Desktop/GSND 5112/Side Scroller/Library/PackageCache/com.unity.visualscripting@1.6.1/Editor/VisualScripting.Core/Dependencies/DotNetZip/Unity.VisualScripting.IonicZip.dll
Native extension for WindowsStandalone target not found
Native extension for OSXStandalone target not found
Refreshing native plugins compatible for Editor in 133.08 ms, found 3 plugins.
Preloading 0 native plugins for Editor in 0.00 ms.
Mono: successfully reloaded assembly
- Completed reload, in  3.267 seconds
Domain Reload Profiling:
	ReloadAssembly (3269ms)
		BeginReloadAssembly (305ms)
			ExecutionOrderSort (0ms)
			DisableScriptedObjects (45ms)
			BackupInstance (0ms)
			ReleaseScriptingObjects (0ms)
			CreateAndSetChildDomain (38ms)
		EndReloadAssembly (2853ms)
			LoadAssemblies (241ms)
			RebuildTransferFunctionScriptingTraits (0ms)
			SetupTypeCache (484ms)
			ReleaseScriptCaches (1ms)
			RebuildScriptCaches (78ms)
			SetupLoadedEditorAssemblies (1716ms)
				LogAssemblyErrors (0ms)
				InitializePlatformSupportModulesInManaged (14ms)
				SetLoadedEditorAssemblies (0ms)
				RefreshPlugins (133ms)
				BeforeProcessingInitializeOnLoad (149ms)
				ProcessInitializeOnLoadAttributes (1362ms)
				ProcessInitializeOnLoadMethodAttributes (56ms)
				AfterProcessingInitializeOnLoad (1ms)
				EditorAssembliesLoaded (0ms)
			ExecutionOrderSort2 (0ms)
			AwakeInstancesAfterBackupRestoration (43ms)
Platform modules already initialized, skipping
========================================================================
Worker process is ready to serve import requests
Launching external process: /Applications/Unity/Hub/Editor/2021.1.21f1/Unity.app/Contents/Tools/UnityShaderCompiler
Launched and connected shader compiler UnityShaderCompiler after 0.07 seconds
Refreshing native plugins compatible for Editor in 0.94 ms, found 3 plugins.
Preloading 0 native plugins for Editor in 0.00 ms.
Unloading 4151 Unused Serialized files (Serialized files now loaded: 0)
System memory in use before: 335.7 MB.
System memory in use after: 335.9 MB.

Unloading 33 unused Assets to reduce memory usage. Loaded Objects now: 4604.
Total: 3.678458 ms (FindLiveObjects: 0.266500 ms CreateObjectMapping: 0.155333 ms MarkObjects: 3.159458 ms  DeleteObjects: 0.094000 ms)

AssetImportParameters requested are different than current active one (requested -> active):
  custom:video-decoder-ogg-theora: a1e56fd34408186e4bbccfd4996cb3dc -> 
  custom:container-muxer-webm: aa71ff27fc2769a1b78a27578f13a17b -> 
  custom:container-demuxer-webm: 4f35f7cbe854078d1ac9338744f61a02 -> 
  custom:container-demuxer-ogg: 62fdf1f143b41e24485cea50d1cbac27 -> 
  custom:video-encoder-webm-vp8: eb34c28f22e8b96e1ab97ce403110664 -> 
  custom:framework-osx-AVFoundation: e770b220cccbd017edd2c1fefb359320 -> 
  custom:video-decoder-webm-vp8: 9c59270c3fd7afecdb556c50c9e8de78 -> 
  custom:audio-decoder-ogg-vorbis: bf7c407c2cedff20999df2af8eb42d56 -> 
  custom:audio-encoder-webm-vorbis: bf7c407c2cedff20999df2af8eb42d56 -> 
========================================================================
Received Import Request.
  path: Assets/Levels/Main Menu 1.unity
  artifactKey: Guid(3445a2425c07b4c9fb75eaa12c4e5d78) Importer(815301076,1909f56bfc062723c751e8b465ee728b)
Start importing Assets/Levels/Main Menu 1.unity using Guid(3445a2425c07b4c9fb75eaa12c4e5d78) Importer(815301076,1909f56bfc062723c751e8b465ee728b)  -> (artifact id: '2830259e875405d3740d329287ec904d') in 0.024078 seconds 
========================================================================
Received Import Request.
  Time since last request: 282.846677 seconds.
  path: Assets/Animations/Player/FoodFIght Main menu.png
  artifactKey: Guid(c791a32d0bcd14c3884fafb12f280479) Importer(815301076,1909f56bfc062723c751e8b465ee728b)
Start importing Assets/Animations/Player/FoodFIght Main menu.png using Guid(c791a32d0bcd14c3884fafb12f280479) Importer(815301076,1909f56bfc062723c751e8b465ee728b)  -> (artifact id: '730ec67904d4d60b72a87761ab301733') in 0.891173 seconds 
========================================================================
Received Import Request.
  Time since last request: 0.000260 seconds.
  path: Assets/FoodFIght Main menu.png
  artifactKey: Guid(7c565d2222ad0485db5ca3507a706e88) Importer(815301076,1909f56bfc062723c751e8b465ee728b)
Start importing Assets/FoodFIght Main menu.png using Guid(7c565d2222ad0485db5ca3507a706e88) Importer(815301076,1909f56bfc062723c751e8b465ee728b)  -> (artifact id: '4bf27b6444b1cc1950b0d017bb5b5c9e') in 0.033630 seconds 
========================================================================
Received Import Request.
  Time since last request: 278.415530 seconds.
  path: Assets/Levels/FoodFight Main Menu.unity
  artifactKey: Guid(3445a2425c07b4c9fb75eaa12c4e5d78) Importer(815301076,1909f56bfc062723c751e8b465ee728b)
Start importing Assets/Levels/FoodFight Main Menu.unity using Guid(3445a2425c07b4c9fb75eaa12c4e5d78) Importer(815301076,1909f56bfc062723c751e8b465ee728b)  -> (artifact id: '00e97831c3790f7e8e4819ade4dcfd0b') in 0.003590 seconds 
========================================================================
Received Import Request.
  Time since last request: 2.912223 seconds.
  path: Assets/Levels/FoodFight Main Menu.unity
  artifactKey: Guid(3445a2425c07b4c9fb75eaa12c4e5d78) Importer(815301076,1909f56bfc062723c751e8b465ee728b)
Start importing Assets/Levels/FoodFight Main Menu.unity using Guid(3445a2425c07b4c9fb75eaa12c4e5d78) Importer(815301076,1909f56bfc062723c751e8b465ee728b)  -> (artifact id: 'ab491f74b90d1068ae25b2a69eccb4a4') in 0.002139 seconds 
========================================================================
Received Import Request.
  Time since last request: 1175.395045 seconds.
  path: Assets/Screen Shot 2021-12-08 at 2.38.33 PM.png
  artifactKey: Guid(8554efe2f8ac84fd186ba4b2adc6a39c) Importer(815301076,1909f56bfc062723c751e8b465ee728b)
Start importing Assets/Screen Shot 2021-12-08 at 2.38.33 PM.png using Guid(8554efe2f8ac84fd186ba4b2adc6a39c) Importer(815301076,1909f56bfc062723c751e8b465ee728b)  -> (artifact id: 'c63872d3aeacb44f593b3cde4b7e2383') in 0.036872 seconds 
========================================================================
Received Import Request.
  Time since last request: 231.058540 seconds.
  path: Assets/Levels/Screen Shot 2021-12-08 at 2.43.15 PM.png
  artifactKey: Guid(35b4c5f1d1ba9432997d1c7f8e63984f) Importer(815301076,1909f56bfc062723c751e8b465ee728b)
Start importing Assets/Levels/Screen Shot 2021-12-08 at 2.43.15 PM.png using Guid(35b4c5f1d1ba9432997d1c7f8e63984f) Importer(815301076,1909f56bfc062723c751e8b465ee728b)  -> (artifact id: 'b5b30d20b47855fe3e28942e0efc23a4') in 0.041969 seconds 
========================================================================
Received Import Request.
  Time since last request: 23.095055 seconds.
  path: Assets/Levels/FoodFight Main Menu.unity
  artifactKey: Guid(3445a2425c07b4c9fb75eaa12c4e5d78) Importer(815301076,1909f56bfc062723c751e8b465ee728b)
Start importing Assets/Levels/FoodFight Main Menu.unity using Guid(3445a2425c07b4c9fb75eaa12c4e5d78) Importer(815301076,1909f56bfc062723c751e8b465ee728b)  -> (artifact id: '397ec1949924c7ad539cefb1578c6d37') in 0.005540 seconds 
========================================================================
Received Import Request.
  Time since last request: 18.111014 seconds.
  path: Assets/Levels/Background.png
  artifactKey: Guid(35b4c5f1d1ba9432997d1c7f8e63984f) Importer(815301076,1909f56bfc062723c751e8b465ee728b)
Start importing Assets/Levels/Background.png using Guid(35b4c5f1d1ba9432997d1c7f8e63984f) Importer(815301076,1909f56bfc062723c751e8b465ee728b)  -> (artifact id: 'b6e4cdf189e98be6271aef14296f48af') in 0.021876 seconds 
